<?xml version="1.0" encoding="UTF-8"?>
<!-- Generated by org.testng.reporters.JUnitReportReporter -->
<testsuite hostname="DESKTOP-DC8KIIA" failures="0" tests="1" name="webElements.Link" time="25.369" errors="0" timestamp="2024-05-23T09:02:39 IST" skipped="0">
  <testcase classname="webElements.Link" name="clickOnLink" time="25.369"/>
</testsuite> <!-- webElements.Link -->
