<?xml version="1.0" encoding="UTF-8"?>
<!-- Generated by org.testng.reporters.JUnitReportReporter -->
<testsuite hostname="DESKTOP-DC8KIIA" failures="0" tests="1" name="webElements.WebTable" time="1.227" errors="0" timestamp="2024-05-22T11:49:22 IST" skipped="0">
  <testcase classname="webElements.WebTable" name="clickOnWebTable" time="1.227"/>
</testsuite> <!-- webElements.WebTable -->
