<?xml version="1.0" encoding="UTF-8"?>
<!-- Generated by org.testng.reporters.JUnitReportReporter -->
<testsuite hostname="DESKTOP-DC8KIIA" failures="0" tests="1" name="webElements.TextBox_Register" time="6.667" errors="0" timestamp="2024-05-23T10:39:35 IST" skipped="0">
  <testcase classname="webElements.TextBox_Register" name="register" time="6.667"/>
</testsuite> <!-- webElements.TextBox_Register -->
