<?xml version="1.0" encoding="UTF-8"?>
<!-- Generated by org.testng.reporters.JUnitReportReporter -->
<testsuite hostname="DESKTOP-DC8KIIA" failures="0" tests="1" name="webElements.Button" time="3.253" errors="0" timestamp="2024-05-22T11:35:05 IST" skipped="0">
  <testcase classname="webElements.Button" name="clickButton" time="3.253"/>
</testsuite> <!-- webElements.Button -->
